0 info it worked if it ends with ok
1 verbose cli [ '/usr/bin/node', '/usr/bin/npm', 'run', 'onyx' ]
2 info using npm@3.5.2
3 info using node@v8.10.0
4 verbose run-script [ 'preonyx', 'onyx', 'postonyx' ]
5 info lifecycle onyx@0.0.1~preonyx: onyx@0.0.1
6 verbose lifecycle onyx@0.0.1~preonyx: unsafe-perm in lifecycle true
7 verbose lifecycle onyx@0.0.1~preonyx: PATH: /usr/share/npm/bin/node-gyp-bin:/home/duncan/Documents/dev/projects/js/Onyx/node_modules/.bin:/usr/local/sbin:/usr/local/bin:/usr/sbin:/usr/bin:/sbin:/bin:/usr/games:/usr/local/games:/snap/bin:/home/duncan/.rvm/bin:/home/duncan/.rvm/bin
8 verbose lifecycle onyx@0.0.1~preonyx: CWD: /home/duncan/Documents/dev/projects/js/Onyx
9 silly lifecycle onyx@0.0.1~preonyx: Args: [ '-c', 'npm run compile-babel && npm run compile-nn' ]
10 silly lifecycle onyx@0.0.1~preonyx: Returned: code: 1  signal: null
11 info lifecycle onyx@0.0.1~preonyx: Failed to exec preonyx script
12 verbose stack Error: onyx@0.0.1 preonyx: `npm run compile-babel && npm run compile-nn`
12 verbose stack Exit status 1
12 verbose stack     at EventEmitter.<anonymous> (/usr/share/npm/lib/utils/lifecycle.js:232:16)
12 verbose stack     at emitTwo (events.js:126:13)
12 verbose stack     at EventEmitter.emit (events.js:214:7)
12 verbose stack     at ChildProcess.<anonymous> (/usr/share/npm/lib/utils/spawn.js:24:14)
12 verbose stack     at emitTwo (events.js:126:13)
12 verbose stack     at ChildProcess.emit (events.js:214:7)
12 verbose stack     at maybeClose (internal/child_process.js:925:16)
12 verbose stack     at Process.ChildProcess._handle.onexit (internal/child_process.js:209:5)
13 verbose pkgid onyx@0.0.1
14 verbose cwd /home/duncan/Documents/dev/projects/js/Onyx
15 error Linux 4.15.0-36-generic
16 error argv "/usr/bin/node" "/usr/bin/npm" "run" "onyx"
17 error node v8.10.0
18 error npm  v3.5.2
19 error code ELIFECYCLE
20 error onyx@0.0.1 preonyx: `npm run compile-babel && npm run compile-nn`
20 error Exit status 1
21 error Failed at the onyx@0.0.1 preonyx script 'npm run compile-babel && npm run compile-nn'.
21 error Make sure you have the latest version of node.js and npm installed.
21 error If you do, this is most likely a problem with the onyx package,
21 error not with npm itself.
21 error Tell the author that this fails on your system:
21 error     npm run compile-babel && npm run compile-nn
21 error You can get information on how to open an issue for this project with:
21 error     npm bugs onyx
21 error Or if that isn't available, you can get their info via:
21 error     npm owner ls onyx
21 error There is likely additional logging output above.
22 verbose exit [ 1, true ]
